Drill report for Model A-1.0.kicad_pcb
Created on 10/13/2023 15:10:32

Copper Layer Stackup:
    =============================================================
    L1 :  F.Cu                      front
    L2 :  B.Cu                      back


Drill file 'Model A-1.0-PTH.drl' contains
    plated through holes:
    =============================================================
    T1  0.400mm  0.0157"  (150 holes)
    T2  0.600mm  0.0236"  (4 holes)  (with 4 slots)
    T3  1.000mm  0.0394"  (13 holes)
    T4  2.600mm  0.1024"  (2 holes)
    T5  3.200mm  0.1260"  (16 holes)

    Total plated holes count 185


Drill file 'Model A-1.0-NPTH.drl' contains
    unplated through holes:
    =============================================================
    T1  0.650mm  0.0256"  (2 holes)
    T2  1.750mm  0.0689"  (162 holes)
    T3  3.000mm  0.1181"  (162 holes)
    T4  3.048mm  0.1200"  (8 holes)
    T5  3.988mm  0.1570"  (89 holes)

    Total unplated holes count 423
